Last login: Thu Aug  7 16:14:14 on ttys003
spec_ops:crawler seanburke$ node app.js
running
GET http://www.seantburke.com/nikeplus.php ...
starting crawler
FRAQQ(1)! null { _readableState: 
   { highWaterMark: 16384,
     buffer: [],
     length: 0,
     pipes: null,
     pipesCount: 0,
     flowing: false,
     ended: true,
     endEmitted: true,
     reading: false,
     calledRead: true,
     sync: false,
     needReadable: true,
     emittedReadable: false,
     readableListening: false,
     objectMode: false,
     defaultEncoding: 'utf8',
     ranOut: false,
     awaitDrain: 0,
     readingMore: false,
     decoder: null,
     encoding: null },
  readable: false,
  domain: null,
  _events: 
   { end: [ [Function: responseOnEnd], [Function], [Function] ],
     readable: [Function],
     close: [ [Function], [Function] ],
     data: [Function] },
  _maxListeners: 10,
  socket: 
   { _connecting: false,
     _handle: 
      { fd: 14,
        writeQueueSize: 0,
        owner: [Circular],
        onread: [Function: onread],
        reading: true },
     _readableState: 
      { highWaterMark: 16384,
        buffer: [],
        length: 0,
        pipes: null,
        pipesCount: 0,
        flowing: false,
        ended: false,
        endEmitted: false,
        reading: true,
        calledRead: true,
        sync: false,
        needReadable: true,
        emittedReadable: false,
        readableListening: false,
        objectMode: false,
        defaultEncoding: 'utf8',
        ranOut: false,
        awaitDrain: 0,
        readingMore: false,
        decoder: null,
        encoding: null },
     readable: true,
     domain: null,
     _events: 
      { end: [Object],
        finish: [Function: onSocketFinish],
        _socketEnd: [Function: onSocketEnd],
        free: [Function],
        close: [Object],
        agentRemove: [Function],
        drain: [Function: ondrain] },
     _maxListeners: 0,
     _writableState: 
      { highWaterMark: 16384,
        objectMode: false,
        needDrain: false,
        ending: false,
        ended: false,
        finished: false,
        decodeStrings: false,
        defaultEncoding: 'utf8',
        length: 0,
        writing: false,
        sync: false,
        bufferProcessing: false,
        onwrite: [Function],
        writecb: null,
        writelen: 0,
        buffer: [],
        errorEmitted: false },
     writable: true,
     allowHalfOpen: false,
     onend: null,
     destroyed: false,
     bytesRead: 11874,
     _bytesDispatched: 135,
     _pendingData: null,
     _pendingEncoding: '',
     parser: null,
     _httpMessage: 
      { domain: null,
        _events: [Object],
        _maxListeners: 10,
        output: [],
        outputEncodings: [],
        writable: true,
        _last: true,
        chunkedEncoding: false,
        shouldKeepAlive: true,
        useChunkedEncodingByDefault: false,
        sendDate: false,
        _headerSent: true,
        _header: 'GET /nikeplus.php HTTP/1.1\r\nAccept-Encoding: gzip\r\nUser-Agent: node-crawler/0.2.5\r\nhost: www.seantburke.com\r\nConnection: keep-alive\r\n\r\n',
        _hasBody: true,
        _trailer: '',
        finished: true,
        _hangupClose: false,
        socket: [Circular],
        connection: [Circular],
        agent: [Object],
        socketPath: undefined,
        method: 'GET',
        path: '/nikeplus.php',
        _headers: [Object],
        _headerNames: [Object],
        timeoutCb: null,
        parser: null,
        res: [Circular] },
     ondata: null,
     _idleTimeout: -1,
     _idleNext: null,
     _idlePrev: null,
     _idleStart: 1407453289866,
     _monotonicStartTime: 106419518 },
  connection: 
   { _connecting: false,
     _handle: 
      { fd: 14,
        writeQueueSize: 0,
        owner: [Circular],
        onread: [Function: onread],
        reading: true },
     _readableState: 
      { highWaterMark: 16384,
        buffer: [],
        length: 0,
        pipes: null,
        pipesCount: 0,
        flowing: false,
        ended: false,
        endEmitted: false,
        reading: true,
        calledRead: true,
        sync: false,
        needReadable: true,
        emittedReadable: false,
        readableListening: false,
        objectMode: false,
        defaultEncoding: 'utf8',
        ranOut: false,
        awaitDrain: 0,
        readingMore: false,
        decoder: null,
        encoding: null },
     readable: true,
     domain: null,
     _events: 
      { end: [Object],
        finish: [Function: onSocketFinish],
        _socketEnd: [Function: onSocketEnd],
        free: [Function],
        close: [Object],
        agentRemove: [Function],
        drain: [Function: ondrain] },
     _maxListeners: 0,
     _writableState: 
      { highWaterMark: 16384,
        objectMode: false,
        needDrain: false,
        ending: false,
        ended: false,
        finished: false,
        decodeStrings: false,
        defaultEncoding: 'utf8',
        length: 0,
        writing: false,
        sync: false,
        bufferProcessing: false,
        onwrite: [Function],
        writecb: null,
        writelen: 0,
        buffer: [],
        errorEmitted: false },
     writable: true,
     allowHalfOpen: false,
     onend: null,
     destroyed: false,
     bytesRead: 11874,
     _bytesDispatched: 135,
     _pendingData: null,
     _pendingEncoding: '',
     parser: null,
     _httpMessage: 
      { domain: null,
        _events: [Object],
        _maxListeners: 10,
        output: [],
        outputEncodings: [],
        writable: true,
        _last: true,
        chunkedEncoding: false,
        shouldKeepAlive: true,
        useChunkedEncodingByDefault: false,
        sendDate: false,
        _headerSent: true,
        _header: 'GET /nikeplus.php HTTP/1.1\r\nAccept-Encoding: gzip\r\nUser-Agent: node-crawler/0.2.5\r\nhost: www.seantburke.com\r\nConnection: keep-alive\r\n\r\n',
        _hasBody: true,
        _trailer: '',
        finished: true,
        _hangupClose: false,
        socket: [Circular],
        connection: [Circular],
        agent: [Object],
        socketPath: undefined,
        method: 'GET',
        path: '/nikeplus.php',
        _headers: [Object],
        _headerNames: [Object],
        timeoutCb: null,
        parser: null,
        res: [Circular] },
     ondata: null,
     _idleTimeout: -1,
     _idleNext: null,
     _idlePrev: null,
     _idleStart: 1407453289866,
     _monotonicStartTime: 106419518 },
  httpVersion: '1.1',
  complete: true,
  headers: 
   { server: 'Apache',
     'x-powered-by': 'PHP/5.3.27',
     'cache-control': 'max-age=2592000',
     vary: 'Accept-Encoding',
     'content-type': 'text/html',
     date: 'Thu, 07 Aug 2014 22:40:33 GMT',
     expires: 'Sat, 06 Sep 2014 22:40:33 GMT',
     etag: 'W/"PSA-xySe8TNYcz"',
     'x-page-speed': '120_1_cn',
     'x-xss-protection': '1; mode=block',
     'alternate-protocol': '80:quic',
     'transfer-encoding': 'chunked' },
  trailers: {},
  _pendings: [],
  _pendingIndex: 0,
  url: '',
  method: null,
  statusCode: 200,
  client: 
   { _connecting: false,
     _handle: 
      { fd: 14,
        writeQueueSize: 0,
        owner: [Circular],
        onread: [Function: onread],
        reading: true },
     _readableState: 
      { highWaterMark: 16384,
        buffer: [],
        length: 0,
        pipes: null,
        pipesCount: 0,
        flowing: false,
        ended: false,
        endEmitted: false,
        reading: true,
        calledRead: true,
        sync: false,
        needReadable: true,
        emittedReadable: false,
        readableListening: false,
        objectMode: false,
        defaultEncoding: 'utf8',
        ranOut: false,
        awaitDrain: 0,
        readingMore: false,
        decoder: null,
        encoding: null },
     readable: true,
     domain: null,
     _events: 
      { end: [Object],
        finish: [Function: onSocketFinish],
        _socketEnd: [Function: onSocketEnd],
        free: [Function],
        close: [Object],
        agentRemove: [Function],
        drain: [Function: ondrain] },
     _maxListeners: 0,
     _writableState: 
      { highWaterMark: 16384,
        objectMode: false,
        needDrain: false,
        ending: false,
        ended: false,
        finished: false,
        decodeStrings: false,
        defaultEncoding: 'utf8',
        length: 0,
        writing: false,
        sync: false,
        bufferProcessing: false,
        onwrite: [Function],
        writecb: null,
        writelen: 0,
        buffer: [],
        errorEmitted: false },
     writable: true,
     allowHalfOpen: false,
     onend: null,
     destroyed: false,
     bytesRead: 11874,
     _bytesDispatched: 135,
     _pendingData: null,
     _pendingEncoding: '',
     parser: null,
     _httpMessage: 
      { domain: null,
        _events: [Object],
        _maxListeners: 10,
        output: [],
        outputEncodings: [],
        writable: true,
        _last: true,
        chunkedEncoding: false,
        shouldKeepAlive: true,
        useChunkedEncodingByDefault: false,
        sendDate: false,
        _headerSent: true,
        _header: 'GET /nikeplus.php HTTP/1.1\r\nAccept-Encoding: gzip\r\nUser-Agent: node-crawler/0.2.5\r\nhost: www.seantburke.com\r\nConnection: keep-alive\r\n\r\n',
        _hasBody: true,
        _trailer: '',
        finished: true,
        _hangupClose: false,
        socket: [Circular],
        connection: [Circular],
        agent: [Object],
        socketPath: undefined,
        method: 'GET',
        path: '/nikeplus.php',
        _headers: [Object],
        _headerNames: [Object],
        timeoutCb: null,
        parser: null,
        res: [Circular] },
     ondata: null,
     _idleTimeout: -1,
     _idleNext: null,
     _idlePrev: null,
     _idleStart: 1407453289866,
     _monotonicStartTime: 106419518 },
  _consuming: true,
  _dumped: false,
  httpVersionMajor: 1,
  httpVersionMinor: 1,
  upgrade: false,
  req: 
   { domain: null,
     _events: { timeout: [Object], error: [Function], drain: [Function] },
     _maxListeners: 10,
     output: [],
     outputEncodings: [],
     writable: true,
     _last: true,
     chunkedEncoding: false,
     shouldKeepAlive: true,
     useChunkedEncodingByDefault: false,
     sendDate: false,
     _headerSent: true,
     _header: 'GET /nikeplus.php HTTP/1.1\r\nAccept-Encoding: gzip\r\nUser-Agent: node-crawler/0.2.5\r\nhost: www.seantburke.com\r\nConnection: keep-alive\r\n\r\n',
     _hasBody: true,
     _trailer: '',
     finished: true,
     _hangupClose: false,
     socket: 
      { _connecting: false,
        _handle: [Object],
        _readableState: [Object],
        readable: true,
        domain: null,
        _events: [Object],
        _maxListeners: 0,
        _writableState: [Object],
        writable: true,
        allowHalfOpen: false,
        onend: null,
        destroyed: false,
        bytesRead: 11874,
        _bytesDispatched: 135,
        _pendingData: null,
        _pendingEncoding: '',
        parser: null,
        _httpMessage: [Circular],
        ondata: null,
        _idleTimeout: -1,
        _idleNext: null,
        _idlePrev: null,
        _idleStart: 1407453289866,
        _monotonicStartTime: 106419518 },
     connection: 
      { _connecting: false,
        _handle: [Object],
        _readableState: [Object],
        readable: true,
        domain: null,
        _events: [Object],
        _maxListeners: 0,
        _writableState: [Object],
        writable: true,
        allowHalfOpen: false,
        onend: null,
        destroyed: false,
        bytesRead: 11874,
        _bytesDispatched: 135,
        _pendingData: null,
        _pendingEncoding: '',
        parser: null,
        _httpMessage: [Circular],
        ondata: null,
        _idleTimeout: -1,
        _idleNext: null,
        _idlePrev: null,
        _idleStart: 1407453289866,
        _monotonicStartTime: 106419518 },
     agent: 
      { domain: null,
        _events: [Object],
        _maxListeners: 10,
        options: {},
        requests: {},
        sockets: [Object],
        maxSockets: 5,
        createConnection: [Function] },
     socketPath: undefined,
     method: 'GET',
     path: '/nikeplus.php',
     _headers: 
      { 'accept-encoding': 'gzip',
        'user-agent': 'node-crawler/0.2.5',
        host: 'www.seantburke.com' },
     _headerNames: 
      { 'accept-encoding': 'Accept-Encoding',
        'user-agent': 'User-Agent',
        host: 'host' },
     timeoutCb: null,
     parser: null,
     res: [Circular] },
  pipe: [Function],
  addListener: [Function: addListener],
  on: [Function: addListener],
  pause: [Function],
  resume: [Function],
  read: [Function],
  request: 
   { domain: null,
     _events: 
      { error: [Function],
        complete: [Function],
        pipe: [Function],
        end: [Object],
        data: [Function] },
     _maxListeners: 10,
     readable: true,
     writable: true,
     timeout: 60000,
     encoding: null,
     headers: 
      { 'Accept-Encoding': 'gzip',
        'User-Agent': 'node-crawler/0.2.5' },
     method: 'GET',
     uri: 
      { protocol: 'http:',
        slashes: true,
        auth: null,
        host: 'www.seantburke.com',
        port: 80,
        hostname: 'www.seantburke.com',
        hash: null,
        search: null,
        query: null,
        pathname: '/nikeplus.php',
        path: '/nikeplus.php',
        href: 'http://www.seantburke.com/nikeplus.php' },
     callback: [Function],
     explicitMethod: true,
     canTunnel: 
      { httpOverHttp: [Function: httpOverHttp],
        httpsOverHttp: [Function: httpsOverHttp],
        httpOverHttps: [Function: httpOverHttps],
        httpsOverHttps: [Function: httpsOverHttps],
        debug: [Function] },
     localAddress: undefined,
     pool: {},
     dests: [],
     __isRequestRequest: true,
     _callback: [Function],
     proxy: null,
     _redirectsFollowed: 0,
     maxRedirects: 10,
     followRedirect: true,
     followAllRedirects: false,
     redirects: [],
     setHost: true,
     originalCookieHeader: undefined,
     _disableCookies: true,
     _jar: undefined,
     port: 80,
     host: 'www.seantburke.com',
     clientErrorHandler: [Function],
     _parserErrorHandler: [Function],
     _buildRequest: [Function],
     _handleUnixSocketURI: [Function],
     path: '/nikeplus.php',
     httpModule: 
      { parsers: [Object],
        STATUS_CODES: [Object],
        IncomingMessage: [Object],
        OutgoingMessage: [Object],
        ServerResponse: [Object],
        Agent: [Object],
        globalAgent: [Object],
        ClientRequest: [Object],
        request: [Function],
        get: [Function],
        Server: [Object],
        createServer: [Function],
        _connectionListener: [Function: connectionListener],
        Client: [Function: deprecated],
        createClient: [Function: deprecated] },
     agentClass: { [Function: Agent] super_: [Object], defaultMaxSockets: 5 },
     agent: 
      { domain: null,
        _events: [Object],
        _maxListeners: 10,
        options: {},
        requests: {},
        sockets: [Object],
        maxSockets: 5,
        createConnection: [Function] },
     _started: true,
     href: 'http://www.seantburke.com/nikeplus.php',
     req: 
      { domain: null,
        _events: [Object],
        _maxListeners: 10,
        output: [],
        outputEncodings: [],
        writable: true,
        _last: true,
        chunkedEncoding: false,
        shouldKeepAlive: true,
        useChunkedEncodingByDefault: false,
        sendDate: false,
        _headerSent: true,
        _header: 'GET /nikeplus.php HTTP/1.1\r\nAccept-Encoding: gzip\r\nUser-Agent: node-crawler/0.2.5\r\nhost: www.seantburke.com\r\nConnection: keep-alive\r\n\r\n',
        _hasBody: true,
        _trailer: '',
        finished: true,
        _hangupClose: false,
        socket: [Object],
        connection: [Object],
        agent: [Object],
        socketPath: undefined,
        method: 'GET',
        path: '/nikeplus.php',
        _headers: [Object],
        _headerNames: [Object],
        timeoutCb: null,
        parser: null,
        res: [Circular] },
     timeoutTimer: null,
     ntick: true,
     response: [Circular],
     _destdata: true,
     _ended: true,
     _callbackCalled: true },
  toJSON: [Function: toJSON],
  body: <Buffer 65 72 72 6f 72 3a 69 6e 76 61 6c 69 64 4c 6f 67 69 6e 3c 62 72 3e 6d 73 73 67 65 3a 54 68 65 20 73 75 70 70 6c 69 65 64 20 6c 6f 67 69 6e 20 6f 72 20 70 ...> } <Buffer 65 72 72 6f 72 3a 69 6e 76 61 6c 69 64 4c 6f 67 69 6e 3c 62 72 3e 6d 73 73 67 65 3a 54 68 65 20 73 75 70 70 6c 69 65 64 20 6c 6f 67 69 6e 20 6f 72 20 70 ...>
FRAQQ(2)! null
Got http://www.seantburke.com/nikeplus.php (11503 bytes)...
[Function]

TypeError: undefined is not a function
    at Object.Crawler.callback (/Users/seanburke/Google Drive/Documents/node/crawler/app.js:19:3)
    at self.onContent (/Users/seanburke/Google Drive/Documents/node/crawler/node_modules/crawler/lib/crawler.js:328:21)
    at Request._callback (/Users/seanburke/Google Drive/Documents/node/crawler/node_modules/crawler/lib/crawler.js:169:22)
    at Request.self.callback (/Users/seanburke/Google Drive/Documents/node/crawler/node_modules/crawler/node_modules/request/request.js:123:22)
    at Request.emit (events.js:98:17)
    at Request.<anonymous> (/Users/seanburke/Google Drive/Documents/node/crawler/node_modules/crawler/node_modules/request/request.js:1047:14)
    at Request.emit (events.js:117:20)
    at IncomingMessage.<anonymous> (/Users/seanburke/Google Drive/Documents/node/crawler/node_modules/crawler/node_modules/request/request.js:998:12)
    at IncomingMessage.emit (events.js:117:20)
    at _stream_readable.js:938:16
spec_ops:crawler seanburke$ 
